<?xml version="1.0" encoding="UTF-8"?>
<!-- Generated by org.testng.reporters.JUnitReportReporter -->
<testsuite hostname="HDC4-L-F2E4LSH" failures="0" tests="1" name="com.hrms.testscripts.TC001_LoginLogout" time="24.462" errors="0" timestamp="2 Feb 2023 11:36:53 GMT">
  <testcase classname="com.hrms.testscripts.TC001_LoginLogout" name="tc001" time="24.462"/>
</testsuite> <!-- com.hrms.testscripts.TC001_LoginLogout -->
